[INFO] [2019-04-04 17:48:51][org.springframework.beans.factory.xml.XmlBeanDefinitionReader]Loading XML bean definitions from file [/Users/admin/code/spring/target/classes/spring/spring-mybatis.xml]
[INFO] [2019-04-04 17:48:51][org.springframework.context.support.GenericApplicationContext]Refreshing org.springframework.context.support.GenericApplicationContext@2b546384: startup date [Thu Apr 04 17:48:51 CST 2019]; root of context hierarchy
[INFO] [2019-04-04 17:48:52][org.springframework.beans.factory.config.PropertyPlaceholderConfigurer]Loading properties file from class path resource [jdbc.properties]
[INFO] [2019-04-04 17:48:52][org.springframework.beans.factory.annotation.AutowiredAnnotationBeanPostProcessor]JSR-330 'javax.inject.Inject' annotation found and supported for autowiring
[INFO] [2019-04-04 17:49:04][org.springframework.context.support.GenericApplicationContext]Closing org.springframework.context.support.GenericApplicationContext@2b546384: startup date [Thu Apr 04 17:48:51 CST 2019]; root of context hierarchy
[INFO] [2019-04-04 17:50:05][org.springframework.beans.factory.xml.XmlBeanDefinitionReader]Loading XML bean definitions from file [/Users/admin/code/spring/target/classes/spring/spring-mybatis.xml]
[INFO] [2019-04-04 17:50:05][org.springframework.context.support.GenericApplicationContext]Refreshing org.springframework.context.support.GenericApplicationContext@2b546384: startup date [Thu Apr 04 17:50:05 CST 2019]; root of context hierarchy
[INFO] [2019-04-04 17:50:05][org.springframework.beans.factory.config.PropertyPlaceholderConfigurer]Loading properties file from class path resource [jdbc.properties]
[INFO] [2019-04-04 17:50:05][org.springframework.beans.factory.annotation.AutowiredAnnotationBeanPostProcessor]JSR-330 'javax.inject.Inject' annotation found and supported for autowiring
[INFO] [2019-04-04 17:50:10][org.springframework.beans.factory.xml.XmlBeanDefinitionReader]Loading XML bean definitions from class path resource [org/springframework/jdbc/support/sql-error-codes.xml]
[INFO] [2019-04-04 17:50:10][org.springframework.jdbc.support.SQLErrorCodesFactory]SQLErrorCodes loaded: [DB2, Derby, H2, HSQL, Informix, MS-SQL, MySQL, Oracle, PostgreSQL, Sybase]
[INFO] [2019-04-04 17:50:12][org.springframework.context.support.GenericApplicationContext]Closing org.springframework.context.support.GenericApplicationContext@2b546384: startup date [Thu Apr 04 17:50:05 CST 2019]; root of context hierarchy
[INFO] [2019-04-04 17:50:38][org.springframework.beans.factory.xml.XmlBeanDefinitionReader]Loading XML bean definitions from file [/Users/admin/code/spring/target/classes/spring/spring-mybatis.xml]
[INFO] [2019-04-04 17:50:39][org.springframework.context.support.GenericApplicationContext]Refreshing org.springframework.context.support.GenericApplicationContext@2b546384: startup date [Thu Apr 04 17:50:39 CST 2019]; root of context hierarchy
[INFO] [2019-04-04 17:50:39][org.springframework.beans.factory.config.PropertyPlaceholderConfigurer]Loading properties file from class path resource [jdbc.properties]
[INFO] [2019-04-04 17:50:39][org.springframework.beans.factory.annotation.AutowiredAnnotationBeanPostProcessor]JSR-330 'javax.inject.Inject' annotation found and supported for autowiring
[INFO] [2019-04-04 17:50:45][com.webb.TestMyBatis]{"age":24,"id":1,"password":"sfasgfaf","userName":"测试"}
[INFO] [2019-04-04 17:50:48][org.springframework.context.support.GenericApplicationContext]Closing org.springframework.context.support.GenericApplicationContext@2b546384: startup date [Thu Apr 04 17:50:39 CST 2019]; root of context hierarchy
[INFO] [2019-04-10 11:57:20][org.springframework.beans.factory.xml.XmlBeanDefinitionReader]Loading XML bean definitions from file [/Users/admin/code/spring/target/classes/spring/spring-mvc.xml]
[INFO] [2019-04-10 11:57:21][org.springframework.beans.factory.xml.XmlBeanDefinitionReader]Loading XML bean definitions from file [/Users/admin/code/spring/target/classes/spring/spring-mybatis.xml]
[INFO] [2019-04-10 11:57:21][org.springframework.context.support.GenericApplicationContext]Refreshing org.springframework.context.support.GenericApplicationContext@1efbd816: startup date [Wed Apr 10 11:57:21 CST 2019]; root of context hierarchy
[INFO] [2019-04-10 11:57:22][org.springframework.beans.factory.config.PropertyPlaceholderConfigurer]Loading properties file from class path resource [jdbc.properties]
[INFO] [2019-04-10 11:57:22][org.springframework.beans.factory.annotation.AutowiredAnnotationBeanPostProcessor]JSR-330 'javax.inject.Inject' annotation found and supported for autowiring
[INFO] [2019-04-10 11:57:25][com.webb.TestMyBatis]{"age":24,"id":1,"password":"sfasgfaf","userName":"测试"}
[INFO] [2019-04-10 11:57:25][org.springframework.context.support.GenericApplicationContext]Closing org.springframework.context.support.GenericApplicationContext@1efbd816: startup date [Wed Apr 10 11:57:21 CST 2019]; root of context hierarchy
